Randy Bimm

PROG2220: Section 1

Assignment 5: Task 1

Current System Date
2016-11-26 15:36:01


*** Task 1, Q1. MGS Exercise 8-1 [4 points] ***

FORMAT(list_price, 2)	CAST(discount_percent AS SIGNED)	discount_amount	month_day_added
699.00	30	209.70	10-30
1,199.00	30	359.70	12-05
2,517.00	52	1308.84	02-04
489.99	38	186.20	06-01
299.00	0	0.00	07-30
415.00	39	161.85	07-30
799.99	30	240.00	06-01
499.99	25	125.00	07-30
699.99	30	210.00	07-30
799.99	15	120.00	07-30


*** Task 1, Q2. MGS Exercise 9-2 [4 points] ***

order_date	DATE_FORMAT(order_date, '%Y')	DATE_FORMAT(order_date, '%a-%m-%Y')	DATE_FORMAT(order_date, '%h:%m%p')	DATE_FORMAT(order_date, '%m-%d-%y %h:%m')
2015-03-28 09:40:28	2015	Sat-03-2015	09:03AM	03-28-15 09:03
2015-03-28 11:23:20	2015	Sat-03-2015	11:03AM	03-28-15 11:03
2015-03-29 09:44:58	2015	Sun-03-2015	09:03AM	03-29-15 09:03
2015-03-30 15:22:31	2015	Mon-03-2015	03:03PM	03-30-15 03:03
2015-03-31 05:43:11	2015	Tue-03-2015	05:03AM	03-31-15 05:03
2015-03-31 18:37:22	2015	Tue-03-2015	06:03PM	03-31-15 06:03
2015-04-01 23:11:12	2015	Wed-04-2015	11:04PM	04-01-15 11:04
2015-04-02 11:26:38	2015	Thu-04-2015	11:04AM	04-02-15 11:04
2015-04-03 12:22:31	2015	Fri-04-2015	12:04PM	04-03-15 12:04


*** Task 1, Q3. MGS Exercise 9-3 [5 points] ***

card_number	LENGTH(card_number)	RIGHT(card_number, 4)	CONCAT
	   (
		LPAD('', 4, 'X'), 
		'-',
		LPAD('', 4, 'X'),
		'-',
		LPAD('', 4, 'X'),
		'-',
		RIGHT(card_number, 4)
	   )
4111111111111111	16	1111	XXXX-XXXX-XXXX-1111
4012888888881881	16	1881	XXXX-XXXX-XXXX-1881
4111111111111111	16	1111	XXXX-XXXX-XXXX-1111
378282246310005	15	0005	XXXX-XXXX-XXXX-0005
4111111111111111	16	1111	XXXX-XXXX-XXXX-1111
6011111111111117	16	1117	XXXX-XXXX-XXXX-1117
5555555555554444	16	4444	XXXX-XXXX-XXXX-4444
4012888888881881	16	1881	XXXX-XXXX-XXXX-1881
4111111111111111	16	1111	XXXX-XXXX-XXXX-1111


*** Task 1, Q4. MGS Exercise 9-4 [5 points] ***

order_id	order_date	est_ship_date	days_to_ship
7	2015-04-01 23:11:12	2015-04-03 23:11:12	2
8	2015-04-02 11:26:38	2015-04-04 11:26:38	2
9	2015-04-03 12:22:31	2015-04-05 12:22:31	2
